<?xml version="1.0" encoding="UTF-8"?>
<testsuite xmlns:xsi="http://www.w3.org/2001/XMLSchema-instance" xsi:noNamespaceSchemaLocation="https://maven.apache.org/surefire/maven-surefire-plugin/xsd/surefire-test-report.xsd" version="3.0.2" name="com.project.ceciferreyra.ceciferreyra.CeciferreyraApplicationTests" time="9.069" tests="1" errors="0" skipped="0" failures="0">
  <properties>
[...]
</properties>
  <testcase name="contextLoads" classname="com.project.ceciferreyra.ceciferreyra.CeciferreyraApplicationTests" time="0.473">
    <system-out><![CDATA[18:00:52.583 [main] INFO org.springframework.test.context.support.AnnotationConfigContextLoaderUtils -- Could not detect default configuration classes for test class [com.project.ceciferreyra.ceciferreyra.CeciferreyraApplicationTests]: CeciferreyraApplicationTests does not declare any static, non-private, non-final, nested classes annotated with @Configuration.
18:00:52.709 [main] INFO org.springframework.boot.test.context.SpringBootTestContextBootstrapper -- Found @SpringBootConfiguration com.project.ceciferreyra.ceciferreyra.CeciferreyraApplication for test class com.project.ceciferreyra.ceciferreyra.CeciferreyraApplicationTests
18:00:52.908 [main] INFO org.springframework.boot.devtools.restart.RestartApplicationListener -- Restart disabled due to context in which it is running

  .   ____          _            __ _ _
 /\\ / ___'_ __ _ _(_)_ __  __ _ \ \ \ \
( ( )\___ | '_ | '_| | '_ \/ _` | \ \ \ \
 \\/  ___)| |_)| | | | | || (_| |  ) ) ) )
  '  |____| .__|_| |_|_| |_\__, | / / / /
 =========|_|==============|___/=/_/_/_/

 :: Spring Boot ::                (v3.4.3)

2025-04-27T18:00:53.181-03:00  INFO 22204 --- [ceciferreyra] [           main] c.p.c.c.CeciferreyraApplicationTests     : Starting CeciferreyraApplicationTests using Java 17.0.8.1 with PID 22204 (started by matic in C:\Users\matic\OneDrive\Documentos\Proyectos\ceciferreyra)
2025-04-27T18:00:53.183-03:00  INFO 22204 --- [ceciferreyra] [           main] c.p.c.c.CeciferreyraApplicationTests     : No active profile set, falling back to 1 default profile: "default"
2025-04-27T18:00:54.083-03:00  INFO 22204 --- [ceciferreyra] [           main] .s.d.r.c.RepositoryConfigurationDelegate : Bootstrapping Spring Data JPA repositories in DEFAULT mode.
2025-04-27T18:00:54.149-03:00  INFO 22204 --- [ceciferreyra] [           main] .s.d.r.c.RepositoryConfigurationDelegate : Finished Spring Data repository scanning in 54 ms. Found 2 JPA repository interfaces.
2025-04-27T18:00:54.659-03:00  INFO 22204 --- [ceciferreyra] [           main] o.hibernate.jpa.internal.util.LogHelper  : HHH000204: Processing PersistenceUnitInfo [name: default]
2025-04-27T18:00:54.723-03:00  INFO 22204 --- [ceciferreyra] [           main] org.hibernate.Version                    : HHH000412: Hibernate ORM core version 6.6.8.Final
2025-04-27T18:00:54.774-03:00  INFO 22204 --- [ceciferreyra] [           main] o.h.c.internal.RegionFactoryInitiator    : HHH000026: Second-level cache disabled
2025-04-27T18:00:55.174-03:00  INFO 22204 --- [ceciferreyra] [           main] o.s.o.j.p.SpringPersistenceUnitInfo      : No LoadTimeWeaver setup: ignoring JPA class transformer
2025-04-27T18:00:55.214-03:00  INFO 22204 --- [ceciferreyra] [           main] com.zaxxer.hikari.HikariDataSource       : HikariPool-1 - Starting...
2025-04-27T18:00:57.453-03:00  INFO 22204 --- [ceciferreyra] [           main] com.zaxxer.hikari.pool.HikariPool        : HikariPool-1 - Added connection com.mysql.cj.jdbc.ConnectionImpl@58bad46f
2025-04-27T18:00:57.455-03:00  INFO 22204 --- [ceciferreyra] [           main] com.zaxxer.hikari.HikariDataSource       : HikariPool-1 - Start completed.
2025-04-27T18:00:57.678-03:00  WARN 22204 --- [ceciferreyra] [           main] org.hibernate.orm.deprecation            : HHH90000025: MySQL8Dialect does not need to be specified explicitly using 'hibernate.dialect' (remove the property setting and it will be selected by default)
2025-04-27T18:00:57.680-03:00  WARN 22204 --- [ceciferreyra] [           main] org.hibernate.orm.deprecation            : HHH90000026: MySQL8Dialect has been deprecated; use org.hibernate.dialect.MySQLDialect instead
2025-04-27T18:00:57.699-03:00  INFO 22204 --- [ceciferreyra] [           main] org.hibernate.orm.connections.pooling    : HHH10001005: Database info:
	Database JDBC URL [Connecting through datasource 'HikariDataSource (HikariPool-1)']
	Database driver: undefined/unknown
	Database version: 8.0
	Autocommit mode: undefined/unknown
	Isolation level: undefined/unknown
	Minimum pool size: undefined/unknown
	Maximum pool size: undefined/unknown
2025-04-27T18:00:58.659-03:00  INFO 22204 --- [ceciferreyra] [           main] o.h.e.t.j.p.i.JtaPlatformInitiator       : HHH000489: No JTA platform available (set 'hibernate.transaction.jta.platform' to enable JTA platform integration)
2025-04-27T18:00:59.891-03:00  INFO 22204 --- [ceciferreyra] [           main] j.LocalContainerEntityManagerFactoryBean : Initialized JPA EntityManagerFactory for persistence unit 'default'
2025-04-27T18:01:00.312-03:00  WARN 22204 --- [ceciferreyra] [           main] JpaBaseConfiguration$JpaWebConfiguration : spring.jpa.open-in-view is enabled by default. Therefore, database queries may be performed during view rendering. Explicitly configure spring.jpa.open-in-view to disable this warning
2025-04-27T18:01:01.008-03:00  INFO 22204 --- [ceciferreyra] [           main] c.p.c.c.CeciferreyraApplicationTests     : Started CeciferreyraApplicationTests in 8.114 seconds (process running for 9.124)
]]></system-out>
  </testcase>
</testsuite>